[debug] > Exec(early(addDefaultCommands), None, None)
[debug] > Exec(addDefaultCommands, None, None)
[debug] > Exec(early(initialize), None, None)
[debug] > Exec(initialize, None, None)
[debug] > Exec(early(addPluginSbtFile="""C:\Users\HashTable\AppData\Local\Temp\idea.sbt"""), None, None)
[debug] > Exec(addPluginSbtFile="""C:\Users\HashTable\AppData\Local\Temp\idea.sbt""", None, None)
[debug] > Exec(boot, None, None)
[debug] > Exec(writeSbtVersion, None, None)
[debug] > Exec(reload, None, None)
[debug] > Exec(sbtStashOnFailure, None, None)
[debug] > Exec(onFailure loadFailed, None, None)
[debug] > Exec(loadp, None, None)
[info] welcome to sbt 1.9.1 (Oracle Corporation Java 17.0.7)
[debug]       Load.loadUnit: plugins took 280.5091ms
[debug]       Load.loadUnit: defsScala took 0.5662ms
[debug] [Loading] Scanning directory C:\Users\HashTable\.sbt\1.0\plugins
[debug] [Loading] Found non-root projects 
[debug] [Loading] Done in C:\Users\HashTable\.sbt\1.0\plugins, returning: ()
[debug] deducing auto plugins based on known facts Set(Atom(sbt.plugins.CorePlugin)) and clauses Clauses(Clause(Atom(sbt.plugins.JvmPlugin),Set(Atom(sbt.plugins.IvyPlugin)))
[debug] Clause(Atom(sbt.ScriptedPlugin),Set(Atom(sbt.plugins.JvmPlugin)))
[debug] Clause(Atom(sbt.plugins.SbtPlugin),Set(Atom(sbt.ScriptedPlugin)))
[debug] Clause(Atom(sbt.plugins.SemanticdbPlugin),Set(Atom(sbt.plugins.JvmPlugin)))
[debug] Clause(Atom(sbt.plugins.JUnitXmlReportPlugin),Set(Atom(sbt.plugins.JvmPlugin)))
[debug] Clause(Atom(sbt.plugins.MiniDependencyTreePlugin),Set(Atom(sbt.plugins.JvmPlugin)))
[debug] Clause(Atom(sbt.plugins.CorePlugin),Set(Atom(sbt.plugins.IvyPlugin)))
[debug] Clause(Atom(sbt.plugins.IvyPlugin),Set(Atom(sbt.plugins.JvmPlugin)))
[debug] Clause(Atom(sbt.plugins.JvmPlugin),Set(Atom(sbt.plugins.SemanticdbPlugin)))
[debug] Clause(Atom(sbt.plugins.JvmPlugin),Set(Atom(sbt.plugins.JUnitXmlReportPlugin)))
[debug] Clause(Atom(sbt.plugins.CorePlugin),Set(Atom(sbt.plugins.Giter8TemplatePlugin)))
[debug] Clause(Atom(sbt.plugins.JvmPlugin),Set(Atom(sbt.plugins.MiniDependencyTreePlugin))))
[debug]   :: deduced result: Matched(sbt.plugins.CorePlugin,sbt.plugins.Giter8TemplatePlugin,sbt.plugins.IvyPlugin,sbt.plugins.JvmPlugin,sbt.plugins.MiniDependencyTreePlugin,sbt.plugins.JUnitXmlReportPlugin,sbt.plugins.SemanticdbPlugin)
[debug] Plugins.deducer#function took 65.1694 ms
[debug]           Load.resolveProject(global-plugins) took 107.4951ms
[debug]         Load.loadTransitive: finalizeProject(Project(id global-plugins, base: C:\Users\HashTable\.sbt\1.0\plugins, plugins: List(<none>))) took 216.9102ms
[debug] [Loading] Done in C:\Users\HashTable\.sbt\1.0\plugins, returning: (global-plugins)
[debug]       Load.loadUnit: loadedProjectsRaw took 274.0569ms
[debug]       Load.loadUnit: cleanEvalClasses took 0.3023ms
[debug]     Load.loadUnit(file:/C:/Users/HashTable/.sbt/1.0/plugins/, ...) took 579.113ms
[debug]   Load.apply: load took 1002.6738ms
[debug]   Load.apply: resolveProjects took 8.7298ms
[debug]   Load.apply: finalTransforms took 109.3896ms
[debug]   Load.apply: config.delegates took 22.9217ms
[debug]   Load.apply: Def.make(settings)... took 828.1852ms
[debug]   Load.apply: structureIndex took 173.3266ms
[debug]   Load.apply: mkStreams took 6.8468ms
[info] loading global plugins from C:\Users\HashTable\.sbt\1.0\plugins
[debug] Running task... Cancel: Signal, check cycles: false, forcegc: true
[debug] Load.defaultLoad until apply took 4942.9896ms
[debug]           Load.loadUnit: plugins took 48.6294ms
[debug]           Load.loadUnit: defsScala took 0.0053ms
[debug] [Loading] Scanning directory D:\scala-design-patterns\project
[debug]             Load.loadUnit: mkEval took 33.4111ms
[debug] [Loading] Found non-root projects 
[debug] [Loading] Done in D:\scala-design-patterns\project, returning: ()
[debug] deducing auto plugins based on known facts Set(Atom(sbt.plugins.CorePlugin)) and clauses Clauses(Clause(Atom(sbt.plugins.JvmPlugin),Set(Atom(sbt.plugins.IvyPlugin)))
[debug] Clause(Atom(sbt.ScriptedPlugin),Set(Atom(sbt.plugins.JvmPlugin)))
[debug] Clause(Atom(sbt.plugins.SbtPlugin),Set(Atom(sbt.ScriptedPlugin)))
[debug] Clause(Atom(sbt.plugins.SemanticdbPlugin),Set(Atom(sbt.plugins.JvmPlugin)))
[debug] Clause(Atom(sbt.plugins.JUnitXmlReportPlugin),Set(Atom(sbt.plugins.JvmPlugin)))
[debug] Clause(Atom(sbt.plugins.MiniDependencyTreePlugin),Set(Atom(sbt.plugins.JvmPlugin)))
[debug] Clause(Atom(sbt.plugins.CorePlugin),Set(Atom(sbt.plugins.IvyPlugin)))
[debug] Clause(Atom(sbt.plugins.IvyPlugin),Set(Atom(sbt.plugins.JvmPlugin)))
[debug] Clause(Atom(sbt.plugins.JvmPlugin),Set(Atom(sbt.plugins.SemanticdbPlugin)))
[debug] Clause(Atom(sbt.plugins.JvmPlugin),Set(Atom(sbt.plugins.JUnitXmlReportPlugin)))
[debug] Clause(Atom(sbt.plugins.CorePlugin),Set(Atom(sbt.plugins.Giter8TemplatePlugin)))
[debug] Clause(Atom(sbt.plugins.JvmPlugin),Set(Atom(sbt.plugins.MiniDependencyTreePlugin))))
[debug]   :: deduced result: Matched(sbt.plugins.CorePlugin,sbt.plugins.Giter8TemplatePlugin,sbt.plugins.IvyPlugin,sbt.plugins.JvmPlugin,sbt.plugins.MiniDependencyTreePlugin,sbt.plugins.JUnitXmlReportPlugin,sbt.plugins.SemanticdbPlugin)
[debug] Plugins.deducer#function took 2.6444 ms
[info] loading settings for project scala-design-patterns-build from idea.sbt ...
[debug]               Load.resolveProject(scala-design-patterns-build) took 10.3123ms
[debug]             Load.loadTransitive: finalizeProject(Project(id scala-design-patterns-build, base: D:\scala-design-patterns\project, plugins: List(<none>))) took 13.6549ms
[debug] [Loading] Done in D:\scala-design-patterns\project, returning: (scala-design-patterns-build)
[debug]           Load.loadUnit: loadedProjectsRaw took 4714.4029ms
[debug]           Load.loadUnit: cleanEvalClasses took 9.9967ms
[debug]         Load.loadUnit(file:/D:/scala-design-patterns/project/, ...) took 4774.2663ms
[debug]       Load.apply: load took 4776.1183ms
[debug]       Load.apply: resolveProjects took 0.1743ms
[debug]       Load.apply: finalTransforms took 31.5951ms
[debug]       Load.apply: config.delegates took 1.1843ms
[debug]       Load.apply: Def.make(settings)... took 151.6978ms
[debug]       Load.apply: structureIndex took 52.7907ms
[debug]       Load.apply: mkStreams took 0.0026ms
[info] loading project definition from D:\scala-design-patterns\project
[debug] Running task... Cancel: Signal, check cycles: false, forcegc: true
[warn] Unrecognized repository Scala Plugin Bundled Repository, ignoring it
[warn] Unrecognized repository Scala Plugin Bundled Repository, ignoring it
[debug]     Load.loadUnit: plugins took 7224.7595ms
[debug]     Load.loadUnit: defsScala took 0.0035ms
[debug] [Loading] Scanning directory D:\scala-design-patterns
[debug]       Load.loadUnit: mkEval took 0.422ms
[debug] [Loading] Found root project root w/ remaining 
[debug] deducing auto plugins based on known facts Set(Atom(sbt.plugins.CorePlugin)) and clauses Clauses(Clause(Atom(sbt.plugins.JvmPlugin),Set(Atom(sbt.plugins.IvyPlugin)))
[debug] Clause(Atom(sbt.ScriptedPlugin),Set(Atom(sbt.plugins.JvmPlugin)))
[debug] Clause(Atom(sbt.plugins.SbtPlugin),Set(Atom(sbt.ScriptedPlugin)))
[debug] Clause(Atom(sbt.plugins.SemanticdbPlugin),Set(Atom(sbt.plugins.JvmPlugin)))
[debug] Clause(Atom(sbt.plugins.JUnitXmlReportPlugin),Set(Atom(sbt.plugins.JvmPlugin)))
[debug] Clause(Atom(sbt.plugins.MiniDependencyTreePlugin),Set(Atom(sbt.plugins.JvmPlugin)))
[debug] Clause(Atom(org.jetbrains.sbt.StructurePlugin),Set(Atom(sbt.plugins.JvmPlugin)))
[debug] Clause(Atom(org.jetbrains.sbt.IdeaShellPlugin),Set(Atom(sbt.plugins.JvmPlugin)))
[debug] Clause(Atom(org.jetbrains.sbt.indices.SbtIntellijIndicesPlugin),Set(Atom(sbt.plugins.JvmPlugin)))
[debug] Clause(Atom(sbt.plugins.CorePlugin),Set(Atom(sbt.plugins.IvyPlugin)))
[debug] Clause(Atom(sbt.plugins.IvyPlugin),Set(Atom(sbt.plugins.JvmPlugin)))
[debug] Clause(Atom(sbt.plugins.JvmPlugin),Set(Atom(sbt.plugins.SemanticdbPlugin)))
[debug] Clause(Atom(sbt.plugins.JvmPlugin),Set(Atom(sbt.plugins.JUnitXmlReportPlugin)))
[debug] Clause(Atom(sbt.plugins.CorePlugin),Set(Atom(sbt.plugins.Giter8TemplatePlugin)))
[debug] Clause(Atom(sbt.plugins.JvmPlugin),Set(Atom(sbt.plugins.MiniDependencyTreePlugin)))
[debug] Clause(Atom(sbt.plugins.JvmPlugin),Set(Atom(org.jetbrains.sbt.StructurePlugin)))
[debug] Clause(Atom(sbt.plugins.JvmPlugin),Set(Atom(org.jetbrains.sbt.IdeaShellPlugin)))
[debug] Clause(And(Set(Atom(sbt.plugins.CorePlugin), Atom(sbt.plugins.JvmPlugin))),Set(Atom(org.jetbrains.sbt.indices.SbtIntellijIndicesPlugin))))
[debug]   :: deduced result: Matched(sbt.plugins.CorePlugin,sbt.plugins.Giter8TemplatePlugin,sbt.plugins.IvyPlugin,sbt.plugins.JvmPlugin,sbt.plugins.SemanticdbPlugin,org.jetbrains.sbt.indices.SbtIntellijIndicesPlugin,sbt.plugins.JUnitXmlReportPlugin,org.jetbrains.sbt.IdeaShellPlugin,org.jetbrains.sbt.StructurePlugin,sbt.plugins.MiniDependencyTreePlugin)
[debug] Plugins.deducer#function took 2.3024 ms
[info] loading settings for project root from build.sbt ...
[debug]         Load.resolveProject(root) took 50.9855ms
[debug]       Load.loadTransitive: finalizeProject(Project(id root, base: D:\scala-design-patterns, plugins: List(<none>))) took 56.23ms
[debug] [Loading] Done in D:\scala-design-patterns, returning: (root)
[debug]     Load.loadUnit: loadedProjectsRaw took 3039.6579ms
[debug]     Load.loadUnit: cleanEvalClasses took 42.4233ms
[debug]   Load.loadUnit(file:/D:/scala-design-patterns/, ...) took 10308.0364ms
[debug] Load.apply: load took 10310.8416ms
[debug] Load.apply: resolveProjects took 0.1594ms
[debug] Load.apply: finalTransforms took 55.1198ms
[debug] Load.apply: config.delegates took 0.5041ms
[debug] Load.apply: Def.make(settings)... took 154.1603ms
[debug] Load.apply: structureIndex took 40.0957ms
[debug] Load.apply: mkStreams took 0.0037ms
[info] set current project to scala-design-patterns (in build file:/D:/scala-design-patterns/)
[debug] > Exec(sbtPopOnFailure, None, None)
[debug] > Exec(resumeFromFailure, None, None)
[debug] > Exec(notifyUsersAboutShell, None, None)
[debug] > Exec(iflast shell, None, None)
[debug] > Exec(; set ideaPort in Global := 56207 ; idea-shell, None, None)
[debug] > Exec(set ideaPort in Global := 56207, None, None)
[info] Defining Global / ideaPort
[info] The new value will be used by Compile / compile, Test / compile
[debug] Defining 
[debug] 	Global / ideaPort
[debug] 
[debug] The new value will be used by 
[debug] 	Compile / compile
[debug] 	Test / compile
[info] Reapplying settings...
[info] set current project to scala-design-patterns (in build file:/D:/scala-design-patterns/)
[debug] > Exec(idea-shell, None, None)
