[debug] > Exec(early(addDefaultCommands), None, None)
[debug] > Exec(addDefaultCommands, None, None)
[debug] > Exec(early(initialize), None, None)
[debug] > Exec(initialize, None, None)
[debug] > Exec(early(addPluginSbtFile="""C:\Users\HashTable\AppData\Local\Temp\idea.sbt"""), None, None)
[debug] > Exec(addPluginSbtFile="""C:\Users\HashTable\AppData\Local\Temp\idea.sbt""", None, None)
[debug] > Exec(boot, None, None)
[debug] > Exec(writeSbtVersion, None, None)
[debug] > Exec(reload, None, None)
[debug] > Exec(sbtStashOnFailure, None, None)
[debug] > Exec(onFailure loadFailed, None, None)
[debug] > Exec(loadp, None, None)
[info] welcome to sbt 1.9.1 (Oracle Corporation Java 17.0.7)
[debug]       Load.loadUnit: plugins took 289.3113ms
[debug]       Load.loadUnit: defsScala took 3.1377ms
[debug] [Loading] Scanning directory C:\Users\HashTable\.sbt\1.0\plugins
[debug] [Loading] Found non-root projects 
[debug] [Loading] Done in C:\Users\HashTable\.sbt\1.0\plugins, returning: ()
[debug] deducing auto plugins based on known facts Set(Atom(sbt.plugins.CorePlugin)) and clauses Clauses(Clause(Atom(sbt.plugins.JvmPlugin),Set(Atom(sbt.plugins.IvyPlugin)))
[debug] Clause(Atom(sbt.ScriptedPlugin),Set(Atom(sbt.plugins.JvmPlugin)))
[debug] Clause(Atom(sbt.plugins.SbtPlugin),Set(Atom(sbt.ScriptedPlugin)))
[debug] Clause(Atom(sbt.plugins.SemanticdbPlugin),Set(Atom(sbt.plugins.JvmPlugin)))
[debug] Clause(Atom(sbt.plugins.JUnitXmlReportPlugin),Set(Atom(sbt.plugins.JvmPlugin)))
[debug] Clause(Atom(sbt.plugins.MiniDependencyTreePlugin),Set(Atom(sbt.plugins.JvmPlugin)))
[debug] Clause(Atom(sbt.plugins.CorePlugin),Set(Atom(sbt.plugins.IvyPlugin)))
[debug] Clause(Atom(sbt.plugins.IvyPlugin),Set(Atom(sbt.plugins.JvmPlugin)))
[debug] Clause(Atom(sbt.plugins.JvmPlugin),Set(Atom(sbt.plugins.SemanticdbPlugin)))
[debug] Clause(Atom(sbt.plugins.JvmPlugin),Set(Atom(sbt.plugins.JUnitXmlReportPlugin)))
[debug] Clause(Atom(sbt.plugins.CorePlugin),Set(Atom(sbt.plugins.Giter8TemplatePlugin)))
[debug] Clause(Atom(sbt.plugins.JvmPlugin),Set(Atom(sbt.plugins.MiniDependencyTreePlugin))))
[debug]   :: deduced result: Matched(sbt.plugins.CorePlugin,sbt.plugins.Giter8TemplatePlugin,sbt.plugins.IvyPlugin,sbt.plugins.JvmPlugin,sbt.plugins.MiniDependencyTreePlugin,sbt.plugins.JUnitXmlReportPlugin,sbt.plugins.SemanticdbPlugin)
[debug] Plugins.deducer#function took 66.7193 ms
[debug]           Load.resolveProject(global-plugins) took 130.4151ms
[debug]         Load.loadTransitive: finalizeProject(Project(id global-plugins, base: C:\Users\HashTable\.sbt\1.0\plugins, plugins: List(<none>))) took 270.2628ms
[debug] [Loading] Done in C:\Users\HashTable\.sbt\1.0\plugins, returning: (global-plugins)
[debug]       Load.loadUnit: loadedProjectsRaw took 370.6352ms
[debug]       Load.loadUnit: cleanEvalClasses took 1.0761ms
[debug]     Load.loadUnit(file:/C:/Users/HashTable/.sbt/1.0/plugins/, ...) took 725.7146ms
[debug]   Load.apply: load took 1227.4915ms
[debug]   Load.apply: resolveProjects took 12.6042ms
[debug]   Load.apply: finalTransforms took 132.1628ms
[debug]   Load.apply: config.delegates took 16.7575ms
[debug]   Load.apply: Def.make(settings)... took 869.6922ms
[debug]   Load.apply: structureIndex took 180.9264ms
[debug]   Load.apply: mkStreams took 6.4332ms
[info] loading global plugins from C:\Users\HashTable\.sbt\1.0\plugins
[debug] Running task... Cancel: Signal, check cycles: false, forcegc: true
[debug] Load.defaultLoad until apply took 4649.5654ms
[debug]           Load.loadUnit: plugins took 42.9208ms
[debug]           Load.loadUnit: defsScala took 0.0044ms
[debug] [Loading] Scanning directory D:\scala-design-patterns\project
[debug]             Load.loadUnit: mkEval took 8.189ms
[debug] [Loading] Found non-root projects 
[debug] [Loading] Done in D:\scala-design-patterns\project, returning: ()
[debug] deducing auto plugins based on known facts Set(Atom(sbt.plugins.CorePlugin)) and clauses Clauses(Clause(Atom(sbt.plugins.JvmPlugin),Set(Atom(sbt.plugins.IvyPlugin)))
[debug] Clause(Atom(sbt.ScriptedPlugin),Set(Atom(sbt.plugins.JvmPlugin)))
[debug] Clause(Atom(sbt.plugins.SbtPlugin),Set(Atom(sbt.ScriptedPlugin)))
[debug] Clause(Atom(sbt.plugins.SemanticdbPlugin),Set(Atom(sbt.plugins.JvmPlugin)))
[debug] Clause(Atom(sbt.plugins.JUnitXmlReportPlugin),Set(Atom(sbt.plugins.JvmPlugin)))
[debug] Clause(Atom(sbt.plugins.MiniDependencyTreePlugin),Set(Atom(sbt.plugins.JvmPlugin)))
[debug] Clause(Atom(sbt.plugins.CorePlugin),Set(Atom(sbt.plugins.IvyPlugin)))
[debug] Clause(Atom(sbt.plugins.IvyPlugin),Set(Atom(sbt.plugins.JvmPlugin)))
[debug] Clause(Atom(sbt.plugins.JvmPlugin),Set(Atom(sbt.plugins.SemanticdbPlugin)))
[debug] Clause(Atom(sbt.plugins.JvmPlugin),Set(Atom(sbt.plugins.JUnitXmlReportPlugin)))
[debug] Clause(Atom(sbt.plugins.CorePlugin),Set(Atom(sbt.plugins.Giter8TemplatePlugin)))
[debug] Clause(Atom(sbt.plugins.JvmPlugin),Set(Atom(sbt.plugins.MiniDependencyTreePlugin))))
[debug]   :: deduced result: Matched(sbt.plugins.CorePlugin,sbt.plugins.Giter8TemplatePlugin,sbt.plugins.IvyPlugin,sbt.plugins.JvmPlugin,sbt.plugins.MiniDependencyTreePlugin,sbt.plugins.JUnitXmlReportPlugin,sbt.plugins.SemanticdbPlugin)
[debug] Plugins.deducer#function took 2.8411 ms
[info] loading settings for project scala-design-patterns-build from idea.sbt ...
[debug]               Load.resolveProject(scala-design-patterns-build) took 6.5121ms
[debug]             Load.loadTransitive: finalizeProject(Project(id scala-design-patterns-build, base: D:\scala-design-patterns\project, plugins: List(<none>))) took 10.0739ms
[debug] [Loading] Done in D:\scala-design-patterns\project, returning: (scala-design-patterns-build)
[debug]           Load.loadUnit: loadedProjectsRaw took 263.7051ms
[debug]           Load.loadUnit: cleanEvalClasses took 10.2183ms
[debug]         Load.loadUnit(file:/D:/scala-design-patterns/project/, ...) took 317.9435ms
[debug]       Load.apply: load took 320.3285ms
[debug]       Load.apply: resolveProjects took 0.2184ms
[debug]       Load.apply: finalTransforms took 19.9199ms
[debug]       Load.apply: config.delegates took 0.824ms
[debug]       Load.apply: Def.make(settings)... took 136.2088ms
[debug]       Load.apply: structureIndex took 40.84ms
[debug]       Load.apply: mkStreams took 0.0032ms
[info] loading project definition from D:\scala-design-patterns\project
[debug] Running task... Cancel: Signal, check cycles: false, forcegc: true
[warn] Unrecognized repository Scala Plugin Bundled Repository, ignoring it
[warn] Unrecognized repository Scala Plugin Bundled Repository, ignoring it
[debug]     Load.loadUnit: plugins took 2238.4052ms
[debug]     Load.loadUnit: defsScala took 0.0055ms
[debug] [Loading] Scanning directory D:\scala-design-patterns
[debug]       Load.loadUnit: mkEval took 0.4089ms
[debug] [Loading] Found root project root w/ remaining 
[debug] deducing auto plugins based on known facts Set(Atom(sbt.plugins.CorePlugin)) and clauses Clauses(Clause(Atom(sbt.plugins.JvmPlugin),Set(Atom(sbt.plugins.IvyPlugin)))
[debug] Clause(Atom(sbt.ScriptedPlugin),Set(Atom(sbt.plugins.JvmPlugin)))
[debug] Clause(Atom(sbt.plugins.SbtPlugin),Set(Atom(sbt.ScriptedPlugin)))
[debug] Clause(Atom(sbt.plugins.SemanticdbPlugin),Set(Atom(sbt.plugins.JvmPlugin)))
[debug] Clause(Atom(sbt.plugins.JUnitXmlReportPlugin),Set(Atom(sbt.plugins.JvmPlugin)))
[debug] Clause(Atom(sbt.plugins.MiniDependencyTreePlugin),Set(Atom(sbt.plugins.JvmPlugin)))
[debug] Clause(Atom(org.jetbrains.sbt.StructurePlugin),Set(Atom(sbt.plugins.JvmPlugin)))
[debug] Clause(Atom(org.jetbrains.sbt.IdeaShellPlugin),Set(Atom(sbt.plugins.JvmPlugin)))
[debug] Clause(Atom(org.jetbrains.sbt.indices.SbtIntellijIndicesPlugin),Set(Atom(sbt.plugins.JvmPlugin)))
[debug] Clause(Atom(sbt.plugins.CorePlugin),Set(Atom(sbt.plugins.IvyPlugin)))
[debug] Clause(Atom(sbt.plugins.IvyPlugin),Set(Atom(sbt.plugins.JvmPlugin)))
[debug] Clause(Atom(sbt.plugins.JvmPlugin),Set(Atom(sbt.plugins.SemanticdbPlugin)))
[debug] Clause(Atom(sbt.plugins.JvmPlugin),Set(Atom(sbt.plugins.JUnitXmlReportPlugin)))
[debug] Clause(Atom(sbt.plugins.CorePlugin),Set(Atom(sbt.plugins.Giter8TemplatePlugin)))
[debug] Clause(Atom(sbt.plugins.JvmPlugin),Set(Atom(sbt.plugins.MiniDependencyTreePlugin)))
[debug] Clause(Atom(sbt.plugins.JvmPlugin),Set(Atom(org.jetbrains.sbt.StructurePlugin)))
[debug] Clause(Atom(sbt.plugins.JvmPlugin),Set(Atom(org.jetbrains.sbt.IdeaShellPlugin)))
[debug] Clause(And(Set(Atom(sbt.plugins.CorePlugin), Atom(sbt.plugins.JvmPlugin))),Set(Atom(org.jetbrains.sbt.indices.SbtIntellijIndicesPlugin))))
[debug]   :: deduced result: Matched(sbt.plugins.CorePlugin,sbt.plugins.Giter8TemplatePlugin,sbt.plugins.IvyPlugin,sbt.plugins.JvmPlugin,sbt.plugins.SemanticdbPlugin,org.jetbrains.sbt.indices.SbtIntellijIndicesPlugin,sbt.plugins.JUnitXmlReportPlugin,org.jetbrains.sbt.IdeaShellPlugin,org.jetbrains.sbt.StructurePlugin,sbt.plugins.MiniDependencyTreePlugin)
[debug] Plugins.deducer#function took 3.2774 ms
[info] loading settings for project root from build.sbt ...
[debug]         Load.resolveProject(root) took 53.7683ms
[debug]       Load.loadTransitive: finalizeProject(Project(id root, base: D:\scala-design-patterns, plugins: List(<none>))) took 59.4026ms
[debug] [Loading] Done in D:\scala-design-patterns, returning: (root)
[debug]     Load.loadUnit: loadedProjectsRaw took 3680.8132ms
[debug]     Load.loadUnit: cleanEvalClasses took 32.8651ms
[debug]   Load.loadUnit(file:/D:/scala-design-patterns/, ...) took 5953.2112ms
[debug] Load.apply: load took 5955.2302ms
[debug] Load.apply: resolveProjects took 0.1421ms
[debug] Load.apply: finalTransforms took 48.9998ms
[debug] Load.apply: config.delegates took 0.4793ms
[debug] Load.apply: Def.make(settings)... took 108.9033ms
[debug] Load.apply: structureIndex took 45.3211ms
[debug] Load.apply: mkStreams took 0.0035ms
[info] set current project to scala-design-patterns (in build file:/D:/scala-design-patterns/)
[debug] > Exec(sbtPopOnFailure, None, None)
[debug] > Exec(resumeFromFailure, None, None)
[debug] > Exec(notifyUsersAboutShell, None, None)
[debug] > Exec(iflast shell, None, None)
[debug] > Exec(; set ideaPort in Global := 51606 ; idea-shell, None, None)
[debug] > Exec(set ideaPort in Global := 51606, None, None)
[info] Defining Global / ideaPort
[info] The new value will be used by Compile / compile, Test / compile
[debug] Defining 
[debug] 	Global / ideaPort
[debug] 
[debug] The new value will be used by 
[debug] 	Compile / compile
[debug] 	Test / compile
[info] Reapplying settings...
[info] set current project to scala-design-patterns (in build file:/D:/scala-design-patterns/)
[debug] > Exec(idea-shell, None, None)
